<?xml version="1.0" encoding="UTF-8"?>
<!-- Generated by org.testng.reporters.JUnitReportReporter -->
<testsuite hostname="welcome-PC" name="tests.VerifyLoginPage" tests="1" failures="0" timestamp="6 Oct 2017 17:54:07 GMT" time="13.246" errors="0">
  <testcase name="verifyLogin" time="13.246" classname="tests.VerifyLoginPage"/>
</testsuite> <!-- tests.VerifyLoginPage -->
