<?xml version="1.0" encoding="UTF-8"?>
<!-- Generated by org.testng.reporters.JUnitReportReporter -->
<testsuite hostname="welcome-PC" name="tests.VerifyHomePage" tests="1" failures="0" timestamp="13 Oct 2017 11:15:09 GMT" time="10.953" errors="0">
  <testcase name="verifyPageTitle" time="10.953" classname="tests.VerifyHomePage"/>
</testsuite> <!-- tests.VerifyHomePage -->
